
C:\Users\Santiago\Desktop\js30\javascript30-challenge\Day-19\node_modules\uws>if not defined npm_config_node_gyp (node "C:\Program Files\nodejs\node_modules\npm\node_modules\npm-lifecycle\node-gyp-bin\\..\..\node_modules\node-gyp\bin\node-gyp.js" rebuild )  else (node "C:\Program Files\nodejs\node_modules\npm\node_modules\node-gyp\bin\node-gyp.js" rebuild ) 
Los proyectos de esta soluci¢n se van a compilar de uno en uno. Para habilitar la compilaci¢n en paralelo, agregue el modificador "/m".
  Extensions.cpp
  Group.cpp
  Networking.cpp
  Hub.cpp
  Node.cpp
c:\users\santiago\desktop\js30\javascript30-challenge\day-19\node_modules\uws\src\hub.cpp(127): warning C4530: Se ha utilizado el controlador de excepciones de C++, pero la sem ntica de desenredo no est  habilitada. Especifique /EHsc [C:\Users\Santiago\Desktop\js30\javascript30-challenge\Day-19\node_modules\uws\build\uws.vcxproj]
  WebSocket.cpp
  HTTPSocket.cpp
  Socket.cpp
  addon.cpp
  win_delay_load_hook.cc
c:\users\santiago\desktop\js30\javascript30-challenge\day-19\node_modules\uws\src\addon.h(21): warning C4996: 'node::MakeCallback': se declar¢ desusado (compilando archivo de origen ..\src\addon.cpp) [C:\Users\Santiago\Desktop\js30\javascript30-challenge\Day-19\node_modules\uws\build\uws.vcxproj]
  c:\users\santiago\appdata\local\node-gyp\cache\12.16.1\include\node\node.h(173): note: vea la declaraci¢n de 'node::MakeCallback' (compilando archivo de origen ..\src\addon.cpp)
c:\users\santiago\desktop\js30\javascript30-challenge\day-19\node_modules\uws\src\addon.h(37): error C2664: 'v8::String::Utf8Value::Utf8Value(const v8::String::Utf8Value &)': el argumento 1 no puede convertirse de 'const v8::Local<v8::Value>' a 'const v8::String::Utf8Value &' (compilando archivo de origen ..\src\addon.cpp) [C:\Users\Santiago\Desktop\js30\javascript30-challenge\Day-19\node_modules\uws\build\uws.vcxproj]
  c:\users\santiago\desktop\js30\javascript30-challenge\day-19\node_modules\uws\src\addon.h(37): note: Raz¢n: no se puede realizar la conversi¢n de 'const v8::Local<v8::Value>' a 'const v8::String::Utf8Value' (compilando archivo de origen ..\src\addon.cpp)
  c:\users\santiago\desktop\js30\javascript30-challenge\day-19\node_modules\uws\src\addon.h(37): note: No hay disponible ning£n operador de conversi¢n definido por el usuario que pueda realizar esta conversi¢n, o bien no se puede llamar al operador (compilando archivo de origen ..\src\addon.cpp)
c:\users\santiago\desktop\js30\javascript30-challenge\day-19\node_modules\uws\src\addon.h(102): warning C4996: 'v8::String::NewFromUtf8': se declar¢ desusado (compilando archivo de origen ..\src\addon.cpp) [C:\Users\Santiago\Desktop\js30\javascript30-challenge\Day-19\node_modules\uws\build\uws.vcxproj]
  c:\users\santiago\appdata\local\node-gyp\cache\12.16.1\include\node\v8.h(3030): note: vea la declaraci¢n de 'v8::String::NewFromUtf8' (compilando archivo de origen ..\src\addon.cpp)
c:\users\santiago\desktop\js30\javascript30-challenge\day-19\node_modules\uws\src\addon.h(223): error C2661: 'v8::Value::ToObject': ninguna funci¢n sobrecargada acepta 0 argumentos (compilando archivo de origen ..\src\addon.cpp) [C:\Users\Santiago\Desktop\js30\javascript30-challenge\Day-19\node_modules\uws\build\uws.vcxproj]
c:\users\santiago\desktop\js30\javascript30-challenge\day-19\node_modules\uws\src\addon.h(225): error C2660: 'v8::Value::IntegerValue': la funci¢n no acepta 0 argumentos (compilando archivo de origen ..\src\addon.cpp) [C:\Users\Santiago\Desktop\js30\javascript30-challenge\Day-19\node_modules\uws\build\uws.vcxproj]
  c:\users\santiago\appdata\local\node-gyp\cache\12.16.1\include\node\v8.h(2705): note: vea la declaraci¢n de 'v8::Value::IntegerValue' (compilando archivo de origen ..\src\addon.cpp)
c:\users\santiago\desktop\js30\javascript30-challenge\day-19\node_modules\uws\src\addon.h(339): warning C4996: 'node::MakeCallback': se declar¢ desusado (compilando archivo de origen ..\src\addon.cpp) [C:\Users\Santiago\Desktop\js30\javascript30-challenge\Day-19\node_modules\uws\build\uws.vcxproj]
  c:\users\santiago\appdata\local\node-gyp\cache\12.16.1\include\node\node.h(173): note: vea la declaraci¢n de 'node::MakeCallback' (compilando archivo de origen ..\src\addon.cpp)
c:\users\santiago\desktop\js30\javascript30-challenge\day-19\node_modules\uws\src\addon.h(403): error C2660: 'v8::Function::Call': la funci¢n no acepta 3 argumentos (compilando archivo de origen ..\src\addon.cpp) [C:\Users\Santiago\Desktop\js30\javascript30-challenge\Day-19\node_modules\uws\build\uws.vcxproj]
  c:\users\santiago\appdata\local\node-gyp\cache\12.16.1\include\node\v8.h(4298): note: vea la declaraci¢n de 'v8::Function::Call' (compilando archivo de origen ..\src\addon.cpp)
c:\users\santiago\desktop\js30\javascript30-challenge\day-19\node_modules\uws\src\addon.h(416): error C2660: 'v8::Value::IntegerValue': la funci¢n no acepta 0 argumentos (compilando archivo de origen ..\src\addon.cpp) [C:\Users\Santiago\Desktop\js30\javascript30-challenge\Day-19\node_modules\uws\build\uws.vcxproj]
  c:\users\santiago\appdata\local\node-gyp\cache\12.16.1\include\node\v8.h(2705): note: vea la declaraci¢n de 'v8::Value::IntegerValue' (compilando archivo de origen ..\src\addon.cpp)
c:\users\santiago\desktop\js30\javascript30-challenge\day-19\node_modules\uws\src\addon.h(425): error C2660: 'v8::Value::IntegerValue': la funci¢n no acepta 0 argumentos (compilando archivo de origen ..\src\addon.cpp) [C:\Users\Santiago\Desktop\js30\javascript30-challenge\Day-19\node_modules\uws\build\uws.vcxproj]
  c:\users\santiago\appdata\local\node-gyp\cache\12.16.1\include\node\v8.h(2705): note: vea la declaraci¢n de 'v8::Value::IntegerValue' (compilando archivo de origen ..\src\addon.cpp)
c:\users\santiago\desktop\js30\javascript30-challenge\day-19\node_modules\uws\src\http.h(31): error C2664: 'v8::MaybeLocal<v8::String> v8::String::NewFromOneByte(v8::Isolate *,const uint8_t *,v8::NewStringType,int)': el argumento 3 no puede convertirse de 'v8::String::NewStringType' a 'v8::NewStringType' (compilando archivo de origen ..\src\addon.cpp) [C:\Users\Santiago\Desktop\js30\javascript30-challenge\Day-19\node_modules\uws\build\uws.vcxproj]
  c:\users\santiago\desktop\js30\javascript30-challenge\day-19\node_modules\uws\src\http.h(31): note: La conversi¢n a tipo de enumeraci¢n requiere una conversi¢n expl¡cita (static_cast, conversi¢n de estilo de C o conversi¢n de estilo de funci¢n) (compilando archivo de origen ..\src\addon.cpp)
c:\users\santiago\desktop\js30\javascript30-challenge\day-19\node_modules\uws\src\http.h(42): warning C4311: 'conversi¢n de tipo': truncamiento de puntero de 'void *' a 'long' (compilando archivo de origen ..\src\addon.cpp) [C:\Users\Santiago\Desktop\js30\javascript30-challenge\Day-19\node_modules\uws\build\uws.vcxproj]
c:\users\santiago\desktop\js30\javascript30-challenge\day-19\node_modules\uws\src\http.h(42): warning C4302: 'conversi¢n de tipo': truncamiento de 'void *' a 'long' (compilando archivo de origen ..\src\addon.cpp) [C:\Users\Santiago\Desktop\js30\javascript30-challenge\Day-19\node_modules\uws\build\uws.vcxproj]
c:\users\santiago\desktop\js30\javascript30-challenge\day-19\node_modules\uws\src\http.h(45): error C2664: 'v8::MaybeLocal<v8::String> v8::String::NewFromOneByte(v8::Isolate *,const uint8_t *,v8::NewStringType,int)': el argumento 3 no puede convertirse de 'v8::String::NewStringType' a 'v8::NewStringType' (compilando archivo de origen ..\src\addon.cpp) [C:\Users\Santiago\Desktop\js30\javascript30-challenge\Day-19\node_modules\uws\build\uws.vcxproj]
  c:\users\santiago\desktop\js30\javascript30-challenge\day-19\node_modules\uws\src\http.h(45): note: La conversi¢n a tipo de enumeraci¢n requiere una conversi¢n expl¡cita (static_cast, conversi¢n de estilo de C o conversi¢n de estilo de funci¢n) (compilando archivo de origen ..\src\addon.cpp)
c:\users\santiago\desktop\js30\javascript30-challenge\day-19\node_modules\uws\src\http.h(48): error C2664: 'v8::MaybeLocal<v8::String> v8::String::NewFromOneByte(v8::Isolate *,const uint8_t *,v8::NewStringType,int)': el argumento 3 no puede convertirse de 'v8::String::NewStringType' a 'v8::NewStringType' (compilando archivo de origen ..\src\addon.cpp) [C:\Users\Santiago\Desktop\js30\javascript30-challenge\Day-19\node_modules\uws\build\uws.vcxproj]
  c:\users\santiago\desktop\js30\javascript30-challenge\day-19\node_modules\uws\src\http.h(48): note: La conversi¢n a tipo de enumeraci¢n requiere una conversi¢n expl¡cita (static_cast, conversi¢n de estilo de C o conversi¢n de estilo de funci¢n) (compilando archivo de origen ..\src\addon.cpp)
c:\users\santiago\desktop\js30\javascript30-challenge\day-19\node_modules\uws\src\http.h(51): error C2664: 'v8::MaybeLocal<v8::String> v8::String::NewFromOneByte(v8::Isolate *,const uint8_t *,v8::NewStringType,int)': el argumento 3 no puede convertirse de 'v8::String::NewStringType' a 'v8::NewStringType' (compilando archivo de origen ..\src\addon.cpp) [C:\Users\Santiago\Desktop\js30\javascript30-challenge\Day-19\node_modules\uws\build\uws.vcxproj]
  c:\users\santiago\desktop\js30\javascript30-challenge\day-19\node_modules\uws\src\http.h(51): note: La conversi¢n a tipo de enumeraci¢n requiere una conversi¢n expl¡cita (static_cast, conversi¢n de estilo de C o conversi¢n de estilo de funci¢n) (compilando archivo de origen ..\src\addon.cpp)
c:\users\santiago\desktop\js30\javascript30-challenge\day-19\node_modules\uws\src\http.h(54): error C2664: 'v8::MaybeLocal<v8::String> v8::String::NewFromOneByte(v8::Isolate *,const uint8_t *,v8::NewStringType,int)': el argumento 3 no puede convertirse de 'v8::String::NewStringType' a 'v8::NewStringType' (compilando archivo de origen ..\src\addon.cpp) [C:\Users\Santiago\Desktop\js30\javascript30-challenge\Day-19\node_modules\uws\build\uws.vcxproj]
  c:\users\santiago\desktop\js30\javascript30-challenge\day-19\node_modules\uws\src\http.h(54): note: La conversi¢n a tipo de enumeraci¢n requiere una conversi¢n expl¡cita (static_cast, conversi¢n de estilo de C o conversi¢n de estilo de funci¢n) (compilando archivo de origen ..\src\addon.cpp)
c:\users\santiago\desktop\js30\javascript30-challenge\day-19\node_modules\uws\src\http.h(57): error C2664: 'v8::MaybeLocal<v8::String> v8::String::NewFromOneByte(v8::Isolate *,const uint8_t *,v8::NewStringType,int)': el argumento 3 no puede convertirse de 'v8::String::NewStringType' a 'v8::NewStringType' (compilando archivo de origen ..\src\addon.cpp) [C:\Users\Santiago\Desktop\js30\javascript30-challenge\Day-19\node_modules\uws\build\uws.vcxproj]
  c:\users\santiago\desktop\js30\javascript30-challenge\day-19\node_modules\uws\src\http.h(57): note: La conversi¢n a tipo de enumeraci¢n requiere una conversi¢n expl¡cita (static_cast, conversi¢n de estilo de C o conversi¢n de estilo de funci¢n) (compilando archivo de origen ..\src\addon.cpp)
c:\users\santiago\desktop\js30\javascript30-challenge\day-19\node_modules\uws\src\http.h(60): error C2664: 'v8::MaybeLocal<v8::String> v8::String::NewFromOneByte(v8::Isolate *,const uint8_t *,v8::NewStringType,int)': el argumento 3 no puede convertirse de 'v8::String::NewStringType' a 'v8::NewStringType' (compilando archivo de origen ..\src\addon.cpp) [C:\Users\Santiago\Desktop\js30\javascript30-challenge\Day-19\node_modules\uws\build\uws.vcxproj]
  c:\users\santiago\desktop\js30\javascript30-challenge\day-19\node_modules\uws\src\http.h(60): note: La conversi¢n a tipo de enumeraci¢n requiere una conversi¢n expl¡cita (static_cast, conversi¢n de estilo de C o conversi¢n de estilo de funci¢n) (compilando archivo de origen ..\src\addon.cpp)
c:\users\santiago\desktop\js30\javascript30-challenge\day-19\node_modules\uws\src\http.h(63): error C2664: 'v8::MaybeLocal<v8::String> v8::String::NewFromOneByte(v8::Isolate *,const uint8_t *,v8::NewStringType,int)': el argumento 3 no puede convertirse de 'v8::String::NewStringType' a 'v8::NewStringType' (compilando archivo de origen ..\src\addon.cpp) [C:\Users\Santiago\Desktop\js30\javascript30-challenge\Day-19\node_modules\uws\build\uws.vcxproj]
  c:\users\santiago\desktop\js30\javascript30-challenge\day-19\node_modules\uws\src\http.h(63): note: La conversi¢n a tipo de enumeraci¢n requiere una conversi¢n expl¡cita (static_cast, conversi¢n de estilo de C o conversi¢n de estilo de funci¢n) (compilando archivo de origen ..\src\addon.cpp)
c:\users\santiago\desktop\js30\javascript30-challenge\day-19\node_modules\uws\src\http.h(66): error C2664: 'v8::MaybeLocal<v8::String> v8::String::NewFromOneByte(v8::Isolate *,const uint8_t *,v8::NewStringType,int)': el argumento 3 no puede convertirse de 'v8::String::NewStringType' a 'v8::NewStringType' (compilando archivo de origen ..\src\addon.cpp) [C:\Users\Santiago\Desktop\js30\javascript30-challenge\Day-19\node_modules\uws\build\uws.vcxproj]
  c:\users\santiago\desktop\js30\javascript30-challenge\day-19\node_modules\uws\src\http.h(66): note: La conversi¢n a tipo de enumeraci¢n requiere una conversi¢n expl¡cita (static_cast, conversi¢n de estilo de C o conversi¢n de estilo de funci¢n) (compilando archivo de origen ..\src\addon.cpp)
c:\users\santiago\desktop\js30\javascript30-challenge\day-19\node_modules\uws\src\http.h(69): error C2664: 'v8::MaybeLocal<v8::String> v8::String::NewFromOneByte(v8::Isolate *,const uint8_t *,v8::NewStringType,int)': el argumento 3 no puede convertirse de 'v8::String::NewStringType' a 'v8::NewStringType' (compilando archivo de origen ..\src\addon.cpp) [C:\Users\Santiago\Desktop\js30\javascript30-challenge\Day-19\node_modules\uws\build\uws.vcxproj]
  c:\users\santiago\desktop\js30\javascript30-challenge\day-19\node_modules\uws\src\http.h(69): note: La conversi¢n a tipo de enumeraci¢n requiere una conversi¢n expl¡cita (static_cast, conversi¢n de estilo de C o conversi¢n de estilo de funci¢n) (compilando archivo de origen ..\src\addon.cpp)
c:\users\santiago\desktop\js30\javascript30-challenge\day-19\node_modules\uws\src\http.h(99): error C2660: 'v8::FunctionTemplate::GetFunction': la funci¢n no acepta 0 argumentos (compilando archivo de origen ..\src\addon.cpp) [C:\Users\Santiago\Desktop\js30\javascript30-challenge\Day-19\node_modules\uws\build\uws.vcxproj]
  c:\users\santiago\appdata\local\node-gyp\cache\12.16.1\include\node\v8.h(6126): note: vea la declaraci¢n de 'v8::FunctionTemplate::GetFunction' (compilando archivo de origen ..\src\addon.cpp)
c:\users\santiago\desktop\js30\javascript30-challenge\day-19\node_modules\uws\src\http.h(102): error C2039: 'SetNamedPropertyHandler': no es un miembro de 'v8::ObjectTemplate' (compilando archivo de origen ..\src\addon.cpp) [C:\Users\Santiago\Desktop\js30\javascript30-challenge\Day-19\node_modules\uws\build\uws.vcxproj]
  c:\users\santiago\appdata\local\node-gyp\cache\12.16.1\include\node\v8.h(6411): note: vea la declaraci¢n de 'v8::ObjectTemplate' (compilando archivo de origen ..\src\addon.cpp)
c:\users\santiago\desktop\js30\javascript30-challenge\day-19\node_modules\uws\src\http.h(104): error C2660: 'v8::ObjectTemplate::NewInstance': la funci¢n no acepta 0 argumentos (compilando archivo de origen ..\src\addon.cpp) [C:\Users\Santiago\Desktop\js30\javascript30-challenge\Day-19\node_modules\uws\build\uws.vcxproj]
  c:\users\santiago\appdata\local\node-gyp\cache\12.16.1\include\node\v8.h(6423): note: vea la declaraci¢n de 'v8::ObjectTemplate::NewInstance' (compilando archivo de origen ..\src\addon.cpp)
c:\users\santiago\desktop\js30\javascript30-challenge\day-19\node_modules\uws\src\http.h(104): error C2661: 'v8::Object::Set': ninguna funci¢n sobrecargada acepta 1 argumentos (compilando archivo de origen ..\src\addon.cpp) [C:\Users\Santiago\Desktop\js30\javascript30-challenge\Day-19\node_modules\uws\build\uws.vcxproj]
c:\users\santiago\desktop\js30\javascript30-challenge\day-19\node_modules\uws\src\http.h(90): warning C4996: 'v8::String::NewFromUtf8': se declar¢ desusado (compilando archivo de origen ..\src\addon.cpp) [C:\Users\Santiago\Desktop\js30\javascript30-challenge\Day-19\node_modules\uws\build\uws.vcxproj]
  c:\users\santiago\appdata\local\node-gyp\cache\12.16.1\include\node\v8.h(3030): note: vea la declaraci¢n de 'v8::String::NewFromUtf8' (compilando archivo de origen ..\src\addon.cpp)
c:\users\santiago\desktop\js30\javascript30-challenge\day-19\node_modules\uws\src\http.h(92): warning C4996: 'v8::String::NewFromUtf8': se declar¢ desusado (compilando archivo de origen ..\src\addon.cpp) [C:\Users\Santiago\Desktop\js30\javascript30-challenge\Day-19\node_modules\uws\build\uws.vcxproj]
  c:\users\santiago\appdata\local\node-gyp\cache\12.16.1\include\node\v8.h(3030): note: vea la declaraci¢n de 'v8::String::NewFromUtf8' (compilando archivo de origen ..\src\addon.cpp)
c:\users\santiago\desktop\js30\javascript30-challenge\day-19\node_modules\uws\src\http.h(93): warning C4996: 'v8::String::NewFromUtf8': se declar¢ desusado (compilando archivo de origen ..\src\addon.cpp) [C:\Users\Santiago\Desktop\js30\javascript30-challenge\Day-19\node_modules\uws\build\uws.vcxproj]
  c:\users\santiago\appdata\local\node-gyp\cache\12.16.1\include\node\v8.h(3030): note: vea la declaraci¢n de 'v8::String::NewFromUtf8' (compilando archivo de origen ..\src\addon.cpp)
c:\users\santiago\desktop\js30\javascript30-challenge\day-19\node_modules\uws\src\http.h(94): warning C4996: 'v8::String::NewFromUtf8': se declar¢ desusado (compilando archivo de origen ..\src\addon.cpp) [C:\Users\Santiago\Desktop\js30\javascript30-challenge\Day-19\node_modules\uws\build\uws.vcxproj]
  c:\users\santiago\appdata\local\node-gyp\cache\12.16.1\include\node\v8.h(3030): note: vea la declaraci¢n de 'v8::String::NewFromUtf8' (compilando archivo de origen ..\src\addon.cpp)
c:\users\santiago\desktop\js30\javascript30-challenge\day-19\node_modules\uws\src\http.h(95): warning C4996: 'v8::String::NewFromUtf8': se declar¢ desusado (compilando archivo de origen ..\src\addon.cpp) [C:\Users\Santiago\Desktop\js30\javascript30-challenge\Day-19\node_modules\uws\build\uws.vcxproj]
  c:\users\santiago\appdata\local\node-gyp\cache\12.16.1\include\node\v8.h(3030): note: vea la declaraci¢n de 'v8::String::NewFromUtf8' (compilando archivo de origen ..\src\addon.cpp)
c:\users\santiago\desktop\js30\javascript30-challenge\day-19\node_modules\uws\src\http.h(96): warning C4996: 'v8::String::NewFromUtf8': se declar¢ desusado (compilando archivo de origen ..\src\addon.cpp) [C:\Users\Santiago\Desktop\js30\javascript30-challenge\Day-19\node_modules\uws\build\uws.vcxproj]
  c:\users\santiago\appdata\local\node-gyp\cache\12.16.1\include\node\v8.h(3030): note: vea la declaraci¢n de 'v8::String::NewFromUtf8' (compilando archivo de origen ..\src\addon.cpp)
c:\users\santiago\desktop\js30\javascript30-challenge\day-19\node_modules\uws\src\http.h(97): warning C4996: 'v8::String::NewFromUtf8': se declar¢ desusado (compilando archivo de origen ..\src\addon.cpp) [C:\Users\Santiago\Desktop\js30\javascript30-challenge\Day-19\node_modules\uws\build\uws.vcxproj]
  c:\users\santiago\appdata\local\node-gyp\cache\12.16.1\include\node\v8.h(3030): note: vea la declaraci¢n de 'v8::String::NewFromUtf8' (compilando archivo de origen ..\src\addon.cpp)
c:\users\santiago\desktop\js30\javascript30-challenge\day-19\node_modules\uws\src\http.h(137): error C2660: 'v8::Value::IntegerValue': la funci¢n no acepta 0 argumentos (compilando archivo de origen ..\src\addon.cpp) [C:\Users\Santiago\Desktop\js30\javascript30-challenge\Day-19\node_modules\uws\build\uws.vcxproj]
  c:\users\santiago\appdata\local\node-gyp\cache\12.16.1\include\node\v8.h(2705): note: vea la declaraci¢n de 'v8::Value::IntegerValue' (compilando archivo de origen ..\src\addon.cpp)
c:\users\santiago\desktop\js30\javascript30-challenge\day-19\node_modules\uws\src\http.h(147): error C2661: 'v8::Value::ToObject': ninguna funci¢n sobrecargada acepta 0 argumentos (compilando archivo de origen ..\src\addon.cpp) [C:\Users\Santiago\Desktop\js30\javascript30-challenge\Day-19\node_modules\uws\build\uws.vcxproj]
c:\users\santiago\desktop\js30\javascript30-challenge\day-19\node_modules\uws\src\http.h(148): error C2661: 'v8::Object::GetOwnPropertyNames': ninguna funci¢n sobrecargada acepta 0 argumentos (compilando archivo de origen ..\src\addon.cpp) [C:\Users\Santiago\Desktop\js30\javascript30-challenge\Day-19\node_modules\uws\build\uws.vcxproj]
c:\users\santiago\desktop\js30\javascript30-challenge\day-19\node_modules\uws\src\http.h(149): warning C4018: '<': no coinciden signed/unsigned (compilando archivo de origen ..\src\addon.cpp) [C:\Users\Santiago\Desktop\js30\javascript30-challenge\Day-19\node_modules\uws\build\uws.vcxproj]
c:\users\santiago\desktop\js30\javascript30-challenge\day-19\node_modules\uws\src\http.h(150): warning C4996: 'v8::Object::Get': se declar¢ desusado (compilando archivo de origen ..\src\addon.cpp) [C:\Users\Santiago\Desktop\js30\javascript30-challenge\Day-19\node_modules\uws\build\uws.vcxproj]
  c:\users\santiago\appdata\local\node-gyp\cache\12.16.1\include\node\v8.h(3557): note: vea la declaraci¢n de 'v8::Object::Get' (compilando archivo de origen ..\src\addon.cpp)
c:\users\santiago\desktop\js30\javascript30-challenge\day-19\node_modules\uws\src\http.h(151): warning C4996: 'v8::Object::Get': se declar¢ desusado (compilando archivo de origen ..\src\addon.cpp) [C:\Users\Santiago\Desktop\js30\javascript30-challenge\Day-19\node_modules\uws\build\uws.vcxproj]
  c:\users\santiago\appdata\local\node-gyp\cache\12.16.1\include\node\v8.h(3553): note: vea la declaraci¢n de 'v8::Object::Get' (compilando archivo de origen ..\src\addon.cpp)
c:\users\santiago\desktop\js30\javascript30-challenge\day-19\node_modules\uws\src\http.h(196): error C2660: 'v8::FunctionTemplate::GetFunction': la funci¢n no acepta 0 argumentos (compilando archivo de origen ..\src\addon.cpp) [C:\Users\Santiago\Desktop\js30\javascript30-challenge\Day-19\node_modules\uws\build\uws.vcxproj]
  c:\users\santiago\appdata\local\node-gyp\cache\12.16.1\include\node\v8.h(6126): note: vea la declaraci¢n de 'v8::FunctionTemplate::GetFunction' (compilando archivo de origen ..\src\addon.cpp)
c:\users\santiago\desktop\js30\javascript30-challenge\day-19\node_modules\uws\src\http.h(188): warning C4996: 'v8::String::NewFromUtf8': se declar¢ desusado (compilando archivo de origen ..\src\addon.cpp) [C:\Users\Santiago\Desktop\js30\javascript30-challenge\Day-19\node_modules\uws\build\uws.vcxproj]
  c:\users\santiago\appdata\local\node-gyp\cache\12.16.1\include\node\v8.h(3030): note: vea la declaraci¢n de 'v8::String::NewFromUtf8' (compilando archivo de origen ..\src\addon.cpp)
c:\users\santiago\desktop\js30\javascript30-challenge\day-19\node_modules\uws\src\http.h(190): warning C4996: 'v8::String::NewFromUtf8': se declar¢ desusado (compilando archivo de origen ..\src\addon.cpp) [C:\Users\Santiago\Desktop\js30\javascript30-challenge\Day-19\node_modules\uws\build\uws.vcxproj]
  c:\users\santiago\appdata\local\node-gyp\cache\12.16.1\include\node\v8.h(3030): note: vea la declaraci¢n de 'v8::String::NewFromUtf8' (compilando archivo de origen ..\src\addon.cpp)
c:\users\santiago\desktop\js30\javascript30-challenge\day-19\node_modules\uws\src\http.h(191): warning C4996: 'v8::String::NewFromUtf8': se declar¢ desusado (compilando archivo de origen ..\src\addon.cpp) [C:\Users\Santiago\Desktop\js30\javascript30-challenge\Day-19\node_modules\uws\build\uws.vcxproj]
  c:\users\santiago\appdata\local\node-gyp\cache\12.16.1\include\node\v8.h(3030): note: vea la declaraci¢n de 'v8::String::NewFromUtf8' (compilando archivo de origen ..\src\addon.cpp)
c:\users\santiago\desktop\js30\javascript30-challenge\day-19\node_modules\uws\src\http.h(192): warning C4996: 'v8::String::NewFromUtf8': se declar¢ desusado (compilando archivo de origen ..\src\addon.cpp) [C:\Users\Santiago\Desktop\js30\javascript30-challenge\Day-19\node_modules\uws\build\uws.vcxproj]
  c:\users\santiago\appdata\local\node-gyp\cache\12.16.1\include\node\v8.h(3030): note: vea la declaraci¢n de 'v8::String::NewFromUtf8' (compilando archivo de origen ..\src\addon.cpp)
c:\users\santiago\desktop\js30\javascript30-challenge\day-19\node_modules\uws\src\http.h(193): warning C4996: 'v8::String::NewFromUtf8': se declar¢ desusado (compilando archivo de origen ..\src\addon.cpp) [C:\Users\Santiago\Desktop\js30\javascript30-challenge\Day-19\node_modules\uws\build\uws.vcxproj]
  c:\users\santiago\appdata\local\node-gyp\cache\12.16.1\include\node\v8.h(3030): note: vea la declaraci¢n de 'v8::String::NewFromUtf8' (compilando archivo de origen ..\src\addon.cpp)
c:\users\santiago\desktop\js30\javascript30-challenge\day-19\node_modules\uws\src\http.h(194): warning C4996: 'v8::String::NewFromUtf8': se declar¢ desusado (compilando archivo de origen ..\src\addon.cpp) [C:\Users\Santiago\Desktop\js30\javascript30-challenge\Day-19\node_modules\uws\build\uws.vcxproj]
  c:\users\santiago\appdata\local\node-gyp\cache\12.16.1\include\node\v8.h(3030): note: vea la declaraci¢n de 'v8::String::NewFromUtf8' (compilando archivo de origen ..\src\addon.cpp)
c:\users\santiago\desktop\js30\javascript30-challenge\day-19\node_modules\uws\src\http.h(195): warning C4996: 'v8::String::NewFromUtf8': se declar¢ desusado (compilando archivo de origen ..\src\addon.cpp) [C:\Users\Santiago\Desktop\js30\javascript30-challenge\Day-19\node_modules\uws\build\uws.vcxproj]
  c:\users\santiago\appdata\local\node-gyp\cache\12.16.1\include\node\v8.h(3030): note: vea la declaraci¢n de 'v8::String::NewFromUtf8' (compilando archivo de origen ..\src\addon.cpp)
c:\users\santiago\desktop\js30\javascript30-challenge\day-19\node_modules\uws\src\http.h(226): warning C4312: 'conversi¢n de tipo': conversi¢n de 'long' a 'void *' de mayor tama¤o (compilando archivo de origen ..\src\addon.cpp) [C:\Users\Santiago\Desktop\js30\javascript30-challenge\Day-19\node_modules\uws\build\uws.vcxproj]
c:\users\santiago\desktop\js30\javascript30-challenge\day-19\node_modules\uws\src\http.h(227): error C2664: 'v8::MaybeLocal<v8::String> v8::String::NewFromOneByte(v8::Isolate *,const uint8_t *,v8::NewStringType,int)': el argumento 3 no puede convertirse de 'v8::String::NewStringType' a 'v8::NewStringType' (compilando archivo de origen ..\src\addon.cpp) [C:\Users\Santiago\Desktop\js30\javascript30-challenge\Day-19\node_modules\uws\build\uws.vcxproj]
  c:\users\santiago\desktop\js30\javascript30-challenge\day-19\node_modules\uws\src\http.h(227): note: La conversi¢n a tipo de enumeraci¢n requiere una conversi¢n expl¡cita (static_cast, conversi¢n de estilo de C o conversi¢n de estilo de funci¢n) (compilando archivo de origen ..\src\addon.cpp)
c:\users\santiago\desktop\js30\javascript30-challenge\day-19\node_modules\uws\src\http.h(227): error C2660: 'v8::Object::SetInternalField': la funci¢n no acepta 1 argumentos (compilando archivo de origen ..\src\addon.cpp) [C:\Users\Santiago\Desktop\js30\javascript30-challenge\Day-19\node_modules\uws\build\uws.vcxproj]
  c:\users\santiago\appdata\local\node-gyp\cache\12.16.1\include\node\v8.h(3745): note: vea la declaraci¢n de 'v8::Object::SetInternalField' (compilando archivo de origen ..\src\addon.cpp)
c:\users\santiago\desktop\js30\javascript30-challenge\day-19\node_modules\uws\src\http.h(230): error C2660: 'v8::Function::Call': la funci¢n no acepta 3 argumentos (compilando archivo de origen ..\src\addon.cpp) [C:\Users\Santiago\Desktop\js30\javascript30-challenge\Day-19\node_modules\uws\build\uws.vcxproj]
  c:\users\santiago\appdata\local\node-gyp\cache\12.16.1\include\node\v8.h(4298): note: vea la declaraci¢n de 'v8::Function::Call' (compilando archivo de origen ..\src\addon.cpp)
c:\users\santiago\desktop\js30\javascript30-challenge\day-19\node_modules\uws\src\http.h(236): error C2660: 'v8::Function::Call': la funci¢n no acepta 3 argumentos (compilando archivo de origen ..\src\addon.cpp) [C:\Users\Santiago\Desktop\js30\javascript30-challenge\Day-19\node_modules\uws\build\uws.vcxproj]
  c:\users\santiago\appdata\local\node-gyp\cache\12.16.1\include\node\v8.h(4298): note: vea la declaraci¢n de 'v8::Function::Call' (compilando archivo de origen ..\src\addon.cpp)
c:\users\santiago\desktop\js30\javascript30-challenge\day-19\node_modules\uws\src\http.h(242): error C2660: 'v8::Function::Call': la funci¢n no acepta 3 argumentos (compilando archivo de origen ..\src\addon.cpp) [C:\Users\Santiago\Desktop\js30\javascript30-challenge\Day-19\node_modules\uws\build\uws.vcxproj]
  c:\users\santiago\appdata\local\node-gyp\cache\12.16.1\include\node\v8.h(4298): note: vea la declaraci¢n de 'v8::Function::Call' (compilando archivo de origen ..\src\addon.cpp)
c:\users\santiago\desktop\js30\javascript30-challenge\day-19\node_modules\uws\src\http.h(265): error C2660: 'v8::Function::Call': la funci¢n no acepta 3 argumentos (compilando archivo de origen ..\src\addon.cpp) [C:\Users\Santiago\Desktop\js30\javascript30-challenge\Day-19\node_modules\uws\build\uws.vcxproj]
  c:\users\santiago\appdata\local\node-gyp\cache\12.16.1\include\node\v8.h(4298): note: vea la declaraci¢n de 'v8::Function::Call' (compilando archivo de origen ..\src\addon.cpp)
c:\users\santiago\desktop\js30\javascript30-challenge\day-19\node_modules\uws\src\http.h(280): error C2660: 'v8::Function::Call': la funci¢n no acepta 3 argumentos (compilando archivo de origen ..\src\addon.cpp) [C:\Users\Santiago\Desktop\js30\javascript30-challenge\Day-19\node_modules\uws\build\uws.vcxproj]
  c:\users\santiago\appdata\local\node-gyp\cache\12.16.1\include\node\v8.h(4298): note: vea la declaraci¢n de 'v8::Function::Call' (compilando archivo de origen ..\src\addon.cpp)
c:\users\santiago\desktop\js30\javascript30-challenge\day-19\node_modules\uws\src\http.h(286): error C2660: 'v8::Function::Call': la funci¢n no acepta 3 argumentos (compilando archivo de origen ..\src\addon.cpp) [C:\Users\Santiago\Desktop\js30\javascript30-challenge\Day-19\node_modules\uws\build\uws.vcxproj]
  c:\users\santiago\appdata\local\node-gyp\cache\12.16.1\include\node\v8.h(4298): note: vea la declaraci¢n de 'v8::Function::Call' (compilando archivo de origen ..\src\addon.cpp)
c:\users\santiago\desktop\js30\javascript30-challenge\day-19\node_modules\uws\src\http.h(293): error C2661: 'v8::Function::NewInstance': ninguna funci¢n sobrecargada acepta 0 argumentos (compilando archivo de origen ..\src\addon.cpp) [C:\Users\Santiago\Desktop\js30\javascript30-challenge\Day-19\node_modules\uws\build\uws.vcxproj]
c:\users\santiago\desktop\js30\javascript30-challenge\day-19\node_modules\uws\src\http.h(308): error C2660: 'v8::Value::IntegerValue': la funci¢n no acepta 0 argumentos (compilando archivo de origen ..\src\addon.cpp) [C:\Users\Santiago\Desktop\js30\javascript30-challenge\Day-19\node_modules\uws\build\uws.vcxproj]
  c:\users\santiago\appdata\local\node-gyp\cache\12.16.1\include\node\v8.h(2705): note: vea la declaraci¢n de 'v8::Value::IntegerValue' (compilando archivo de origen ..\src\addon.cpp)
c:\users\santiago\desktop\js30\javascript30-challenge\day-19\node_modules\uws\src\http.h(311): error C2660: 'v8::Function::Call': la funci¢n no acepta 3 argumentos (compilando archivo de origen ..\src\addon.cpp) [C:\Users\Santiago\Desktop\js30\javascript30-challenge\Day-19\node_modules\uws\build\uws.vcxproj]
  c:\users\santiago\appdata\local\node-gyp\cache\12.16.1\include\node\v8.h(4298): note: vea la declaraci¢n de 'v8::Function::Call' (compilando archivo de origen ..\src\addon.cpp)
c:\users\santiago\desktop\js30\javascript30-challenge\day-19\node_modules\uws\src\http.h(320): error C2661: 'v8::Value::ToObject': ninguna funci¢n sobrecargada acepta 0 argumentos (compilando archivo de origen ..\src\addon.cpp) [C:\Users\Santiago\Desktop\js30\javascript30-challenge\Day-19\node_modules\uws\build\uws.vcxproj]
c:\users\santiago\desktop\js30\javascript30-challenge\day-19\node_modules\uws\src\http.h(321): error C2661: 'v8::Value::ToObject': ninguna funci¢n sobrecargada acepta 0 argumentos (compilando archivo de origen ..\src\addon.cpp) [C:\Users\Santiago\Desktop\js30\javascript30-challenge\Day-19\node_modules\uws\build\uws.vcxproj]
c:\users\santiago\desktop\js30\javascript30-challenge\day-19\node_modules\uws\src\http.h(327): error C2661: 'v8::Function::NewInstance': ninguna funci¢n sobrecargada acepta 0 argumentos (compilando archivo de origen ..\src\addon.cpp) [C:\Users\Santiago\Desktop\js30\javascript30-challenge\Day-19\node_modules\uws\build\uws.vcxproj]
c:\users\santiago\desktop\js30\javascript30-challenge\day-19\node_modules\uws\src\http.h(353): error C2660: 'v8::FunctionTemplate::GetFunction': la funci¢n no acepta 0 argumentos (compilando archivo de origen ..\src\addon.cpp) [C:\Users\Santiago\Desktop\js30\javascript30-challenge\Day-19\node_modules\uws\build\uws.vcxproj]
  c:\users\santiago\appdata\local\node-gyp\cache\12.16.1\include\node\v8.h(6126): note: vea la declaraci¢n de 'v8::FunctionTemplate::GetFunction' (compilando archivo de origen ..\src\addon.cpp)
c:\users\santiago\desktop\js30\javascript30-challenge\day-19\node_modules\uws\src\http.h(343): warning C4996: 'v8::String::NewFromUtf8': se declar¢ desusado (compilando archivo de origen ..\src\addon.cpp) [C:\Users\Santiago\Desktop\js30\javascript30-challenge\Day-19\node_modules\uws\build\uws.vcxproj]
  c:\users\santiago\appdata\local\node-gyp\cache\12.16.1\include\node\v8.h(3030): note: vea la declaraci¢n de 'v8::String::NewFromUtf8' (compilando archivo de origen ..\src\addon.cpp)
c:\users\santiago\desktop\js30\javascript30-challenge\day-19\node_modules\uws\src\http.h(344): warning C4996: 'v8::String::NewFromUtf8': se declar¢ desusado (compilando archivo de origen ..\src\addon.cpp) [C:\Users\Santiago\Desktop\js30\javascript30-challenge\Day-19\node_modules\uws\build\uws.vcxproj]
  c:\users\santiago\appdata\local\node-gyp\cache\12.16.1\include\node\v8.h(3030): note: vea la declaraci¢n de 'v8::String::NewFromUtf8' (compilando archivo de origen ..\src\addon.cpp)
c:\users\santiago\desktop\js30\javascript30-challenge\day-19\node_modules\uws\src\http.h(345): warning C4996: 'v8::String::NewFromUtf8': se declar¢ desusado (compilando archivo de origen ..\src\addon.cpp) [C:\Users\Santiago\Desktop\js30\javascript30-challenge\Day-19\node_modules\uws\build\uws.vcxproj]
  c:\users\santiago\appdata\local\node-gyp\cache\12.16.1\include\node\v8.h(3030): note: vea la declaraci¢n de 'v8::String::NewFromUtf8' (compilando archivo de origen ..\src\addon.cpp)
c:\users\santiago\desktop\js30\javascript30-challenge\day-19\node_modules\uws\src\http.h(346): warning C4996: 'v8::String::NewFromUtf8': se declar¢ desusado (compilando archivo de origen ..\src\addon.cpp) [C:\Users\Santiago\Desktop\js30\javascript30-challenge\Day-19\node_modules\uws\build\uws.vcxproj]
  c:\users\santiago\appdata\local\node-gyp\cache\12.16.1\include\node\v8.h(3030): note: vea la declaraci¢n de 'v8::String::NewFromUtf8' (compilando archivo de origen ..\src\addon.cpp)
c:\users\santiago\desktop\js30\javascript30-challenge\day-19\node_modules\uws\src\http.h(347): warning C4996: 'v8::String::NewFromUtf8': se declar¢ desusado (compilando archivo de origen ..\src\addon.cpp) [C:\Users\Santiago\Desktop\js30\javascript30-challenge\Day-19\node_modules\uws\build\uws.vcxproj]
  c:\users\santiago\appdata\local\node-gyp\cache\12.16.1\include\node\v8.h(3030): note: vea la declaraci¢n de 'v8::String::NewFromUtf8' (compilando archivo de origen ..\src\addon.cpp)
c:\users\santiago\desktop\js30\javascript30-challenge\day-19\node_modules\uws\src\http.h(348): warning C4996: 'v8::String::NewFromUtf8': se declar¢ desusado (compilando archivo de origen ..\src\addon.cpp) [C:\Users\Santiago\Desktop\js30\javascript30-challenge\Day-19\node_modules\uws\build\uws.vcxproj]
  c:\users\santiago\appdata\local\node-gyp\cache\12.16.1\include\node\v8.h(3030): note: vea la declaraci¢n de 'v8::String::NewFromUtf8' (compilando archivo de origen ..\src\addon.cpp)
c:\users\santiago\desktop\js30\javascript30-challenge\day-19\node_modules\uws\src\addon.cpp(8): warning C4996: 'v8::Object::Set': se declar¢ desusado [C:\Users\Santiago\Desktop\js30\javascript30-challenge\Day-19\node_modules\uws\build\uws.vcxproj]
  c:\users\santiago\appdata\local\node-gyp\cache\12.16.1\include\node\v8.h(3498): note: vea la declaraci¢n de 'v8::Object::Set'
c:\users\santiago\desktop\js30\javascript30-challenge\day-19\node_modules\uws\src\addon.cpp(9): warning C4996: 'v8::Object::Set': se declar¢ desusado [C:\Users\Santiago\Desktop\js30\javascript30-challenge\Day-19\node_modules\uws\build\uws.vcxproj]
  c:\users\santiago\appdata\local\node-gyp\cache\12.16.1\include\node\v8.h(3498): note: vea la declaraci¢n de 'v8::Object::Set'
c:\users\santiago\desktop\js30\javascript30-challenge\day-19\node_modules\uws\src\addon.cpp(10): warning C4996: 'v8::Object::Set': se declar¢ desusado [C:\Users\Santiago\Desktop\js30\javascript30-challenge\Day-19\node_modules\uws\build\uws.vcxproj]
  c:\users\santiago\appdata\local\node-gyp\cache\12.16.1\include\node\v8.h(3498): note: vea la declaraci¢n de 'v8::Object::Set'
gyp ERR! build error 
gyp ERR! stack Error: `C:\Program Files (x86)\Microsoft Visual Studio\2017\BuildTools\MSBuild\15.0\Bin\MSBuild.exe` failed with exit code: 1
gyp ERR! stack     at ChildProcess.onExit (C:\Program Files\nodejs\node_modules\npm\node_modules\node-gyp\lib\build.js:194:23)
gyp ERR! stack     at ChildProcess.emit (events.js:311:20)
gyp ERR! stack     at Process.ChildProcess._handle.onexit (internal/child_process.js:275:12)
gyp ERR! System Windows_NT 10.0.18362
gyp ERR! command "C:\\Program Files\\nodejs\\node.exe" "C:\\Program Files\\nodejs\\node_modules\\npm\\node_modules\\node-gyp\\bin\\node-gyp.js" "rebuild"
gyp ERR! cwd C:\Users\Santiago\Desktop\js30\javascript30-challenge\Day-19\node_modules\uws
gyp ERR! node -v v12.16.1
gyp ERR! node-gyp -v v5.0.5
gyp ERR! not ok 
